Using pre-set license
Built from '2021.1/release' branch; Version is '2021.1.0f1 (61a549675243) revision 6399305'; Using compiler version '192528614'; Build Type 'Release'
OS: 'Windows 10 Pro; OS build 19041.928; Version 2004; 64bit' Language: 'en' Physical Memory: 16332 MB
BatchMode: 1, IsHumanControllingUs: 0, StartBugReporterOnCrash: 0, Is64bit: 1, IsPro: 0

 COMMAND LINE ARGUMENTS:
C:\Program Files\Unity\Hub\Editor\2021.1.0f1\Editor\Unity.exe
-adb2
-batchMode
-noUpm
-name
AssetImportWorker0
-projectPath
D:/school/ucd/2021/2_spring/ecs_189l/projects/exercise-1-command-pattern-matt-ucd/Captain
-logFile
Logs/AssetImportWorker0.log
-srvPort
50453
Successfully changed project path to: D:/school/ucd/2021/2_spring/ecs_189l/projects/exercise-1-command-pattern-matt-ucd/Captain
D:/school/ucd/2021/2_spring/ecs_189l/projects/exercise-1-command-pattern-matt-ucd/Captain
Using Asset Import Pipeline V2.
Refreshing native plugins compatible for Editor in 21.72 ms, found 0 plugins.
Preloading 0 native plugins for Editor in 0.00 ms.
Initialize engine version: 2021.1.0f1 (61a549675243)
[Subsystems] Discovering subsystems at path C:/Program Files/Unity/Hub/Editor/2021.1.0f1/Editor/Data/Resources/UnitySubsystems
[Subsystems] Discovering subsystems at path D:/school/ucd/2021/2_spring/ecs_189l/projects/exercise-1-command-pattern-matt-ucd/Captain/Assets
GfxDevice: creating device client; threaded=0; jobified=0
Direct3D:
    Version:  Direct3D 11.0 [level 11.1]
    Renderer: Radeon RX Vega (ID=0x687f)
    Vendor:   ATI
    VRAM:     8119 MB
    Driver:   27.20.1034.6
Initialize mono
Mono path[0] = 'C:/Program Files/Unity/Hub/Editor/2021.1.0f1/Editor/Data/Managed'
Mono path[1] = 'C:/Program Files/Unity/Hub/Editor/2021.1.0f1/Editor/Data/MonoBleedingEdge/lib/mono/unityjit'
Mono config path = 'C:/Program Files/Unity/Hub/Editor/2021.1.0f1/Editor/Data/MonoBleedingEdge/etc'
Using monoOptions --debugger-agent=transport=dt_socket,embedding=1,server=y,suspend=n,address=127.0.0.1:56816
Begin MonoManager ReloadAssembly
Registering precompiled unity dll's ...
Register platform support module: C:/Program Files/Unity/Hub/Editor/2021.1.0f1/Editor/Data/PlaybackEngines/WindowsStandaloneSupport/UnityEditor.WindowsStandalone.Extensions.dll
Registered in 0.001660 seconds.
Native extension for WindowsStandalone target not found
Refreshing native plugins compatible for Editor in 22.84 ms, found 0 plugins.
Preloading 0 native plugins for Editor in 0.00 ms.
Mono: successfully reloaded assembly
- Completed reload, in  1.008 seconds
Platform modules already initialized, skipping
Registering precompiled user dll's ...
Registered in 0.001512 seconds.
Begin MonoManager ReloadAssembly
Native extension for WindowsStandalone target not found
Refreshing native plugins compatible for Editor in 0.25 ms, found 0 plugins.
Preloading 0 native plugins for Editor in 0.00 ms.
Mono: successfully reloaded assembly
- Completed reload, in  0.745 seconds
Platform modules already initialized, skipping
========================================================================
Worker process is ready to serve import requests
Launched and connected shader compiler UnityShaderCompiler.exe after 0.04 seconds
Refreshing native plugins compatible for Editor in 0.24 ms, found 0 plugins.
Preloading 0 native plugins for Editor in 0.00 ms.
Unloading 1253 Unused Serialized files (Serialized files now loaded: 0)
System memory in use before: 63.5 MB.
System memory in use after: 63.5 MB.

Unloading 17 unused Assets to reduce memory usage. Loaded Objects now: 1710.
Total: 1.785300 ms (FindLiveObjects: 0.135800 ms CreateObjectMapping: 0.043700 ms MarkObjects: 1.551800 ms  DeleteObjects: 0.053100 ms)

========================================================================
Received Import Request.
  path: Assets/Resources
  artifactKey: Guid(1aa6b3294ed57b04489b0afd09248bf3) Importer(815301076,1909f56bfc062723c751e8b465ee728b)
Start importing Assets/Resources using Guid(1aa6b3294ed57b04489b0afd09248bf3) Importer(815301076,1909f56bfc062723c751e8b465ee728b)  -> (artifact id: '3de2485d01969ea4f038df12295cc319') in 0.007159 seconds 
========================================================================
Received Import Request.
  Time since last request: 10.879649 seconds.
  path: Assets/Scripts/CaptainController.cs
  artifactKey: Guid(d4b501c1d3bd1154fa0b0324410888cf) Importer(815301076,1909f56bfc062723c751e8b465ee728b)
Start importing Assets/Scripts/CaptainController.cs using Guid(d4b501c1d3bd1154fa0b0324410888cf) Importer(815301076,1909f56bfc062723c751e8b465ee728b)  -> (artifact id: '3c72655673b35749ec13fe3dfcc160a0') in 0.056186 seconds 
========================================================================
Received Import Request.
  Time since last request: 315.499828 seconds.
  path: Assets/Scripts/PirateController.cs
  artifactKey: Guid(c59a078325b061e419cc18aa06e02c66) Importer(815301076,1909f56bfc062723c751e8b465ee728b)
Start importing Assets/Scripts/PirateController.cs using Guid(c59a078325b061e419cc18aa06e02c66) Importer(815301076,1909f56bfc062723c751e8b465ee728b)  -> (artifact id: 'da3710f1f3076e1e32f27d2304eeec41') in 0.006456 seconds 
========================================================================
Received Prepare
Registering precompiled user dll's ...
Registered in 0.001559 seconds.
Begin MonoManager ReloadAssembly
Native extension for WindowsStandalone target not found
Refreshing native plugins compatible for Editor in 0.28 ms, found 0 plugins.
Preloading 0 native plugins for Editor in 0.00 ms.
Mono: successfully reloaded assembly
- Completed reload, in  0.705 seconds
Platform modules already initialized, skipping
Refreshing native plugins compatible for Editor in 0.24 ms, found 0 plugins.
Preloading 0 native plugins for Editor in 0.00 ms.
Unloading 1247 Unused Serialized files (Serialized files now loaded: 0)
System memory in use before: 63.3 MB.
System memory in use after: 63.5 MB.

Unloading 8 unused Assets to reduce memory usage. Loaded Objects now: 1713.
Total: 2.095900 ms (FindLiveObjects: 0.145300 ms CreateObjectMapping: 0.026600 ms MarkObjects: 1.907900 ms  DeleteObjects: 0.014400 ms)

AssetImportWorkerClient::OnTransportError - code=2 error=End of file
