Using pre-set license
Built from '2021.1/release' branch; Version is '2021.1.0f1 (61a549675243) revision 6399305'; Using compiler version '192528614'; Build Type 'Release'
OS: 'Windows 10 Home China; OS build 18363.1556; Version 1909; 64bit' Language: 'zh' Physical Memory: 16225 MB
BatchMode: 1, IsHumanControllingUs: 0, StartBugReporterOnCrash: 0, Is64bit: 1, IsPro: 0

 COMMAND LINE ARGUMENTS:
C:\Program Files\Unity\Hub\Editor\2021.1.0f1\Editor\Unity.exe
-adb2
-batchMode
-noUpm
-name
AssetImportWorker0
-projectPath
C:/Users/Kathy Liu/Documents/GitHub/exercise-1-command-pattern-KathyLiu20/Captain
-logFile
Logs/AssetImportWorker0.log
-srvPort
64356
Successfully changed project path to: C:/Users/Kathy Liu/Documents/GitHub/exercise-1-command-pattern-KathyLiu20/Captain
C:/Users/Kathy Liu/Documents/GitHub/exercise-1-command-pattern-KathyLiu20/Captain
Using Asset Import Pipeline V2.
Refreshing native plugins compatible for Editor in 46.17 ms, found 0 plugins.
Preloading 0 native plugins for Editor in 0.00 ms.
Initialize engine version: 2021.1.0f1 (61a549675243)
[Subsystems] Discovering subsystems at path C:/Program Files/Unity/Hub/Editor/2021.1.0f1/Editor/Data/Resources/UnitySubsystems
[Subsystems] Discovering subsystems at path C:/Users/Kathy Liu/Documents/GitHub/exercise-1-command-pattern-KathyLiu20/Captain/Assets
GfxDevice: creating device client; threaded=0; jobified=0
Direct3D:
    Version:  Direct3D 11.0 [level 11.1]
    Renderer: Intel(R) UHD Graphics 620 (ID=0x5917)
    Vendor:   Intel
    VRAM:     8112 MB
    Driver:   27.20.100.8681
Initialize mono
Mono path[0] = 'C:/Program Files/Unity/Hub/Editor/2021.1.0f1/Editor/Data/Managed'
Mono path[1] = 'C:/Program Files/Unity/Hub/Editor/2021.1.0f1/Editor/Data/MonoBleedingEdge/lib/mono/unityjit'
Mono config path = 'C:/Program Files/Unity/Hub/Editor/2021.1.0f1/Editor/Data/MonoBleedingEdge/etc'
Using monoOptions --debugger-agent=transport=dt_socket,embedding=1,server=y,suspend=n,address=127.0.0.1:56676
Begin MonoManager ReloadAssembly
Registering precompiled unity dll's ...
Register platform support module: C:/Program Files/Unity/Hub/Editor/2021.1.0f1/Editor/Data/PlaybackEngines/WindowsStandaloneSupport/UnityEditor.WindowsStandalone.Extensions.dll
Registered in 0.006013 seconds.
Native extension for WindowsStandalone target not found
Refreshing native plugins compatible for Editor in 39.43 ms, found 0 plugins.
Preloading 0 native plugins for Editor in 0.00 ms.
Mono: successfully reloaded assembly
- Completed reload, in  2.414 seconds
Platform modules already initialized, skipping
Registering precompiled user dll's ...
Registered in 0.009178 seconds.
Begin MonoManager ReloadAssembly
Native extension for WindowsStandalone target not found
Refreshing native plugins compatible for Editor in 0.27 ms, found 0 plugins.
Preloading 0 native plugins for Editor in 0.00 ms.
Mono: successfully reloaded assembly
- Completed reload, in  1.419 seconds
Platform modules already initialized, skipping
========================================================================
Worker process is ready to serve import requests
Launched and connected shader compiler UnityShaderCompiler.exe after 0.19 seconds
Refreshing native plugins compatible for Editor in 0.30 ms, found 0 plugins.
Preloading 0 native plugins for Editor in 0.00 ms.
Unloading 1254 Unused Serialized files (Serialized files now loaded: 0)
System memory in use before: 63.4 MB.
System memory in use after: 63.5 MB.

Unloading 18 unused Assets to reduce memory usage. Loaded Objects now: 1709.
Total: 2.592800 ms (FindLiveObjects: 0.186600 ms CreateObjectMapping: 0.104000 ms MarkObjects: 2.203700 ms  DeleteObjects: 0.097100 ms)

========================================================================
Received Import Request.
  path: Assets/Scripts/PirateController.cs
  artifactKey: Guid(c59a078325b061e419cc18aa06e02c66) Importer(815301076,1909f56bfc062723c751e8b465ee728b)
Start importing Assets/Scripts/PirateController.cs using Guid(c59a078325b061e419cc18aa06e02c66) Importer(815301076,1909f56bfc062723c751e8b465ee728b)  -> (artifact id: '4cce77a732d9f3a83959800b9586e353') in 0.194672 seconds 
========================================================================
Received Import Request.
  Time since last request: 7.199658 seconds.
  path: Assets/Scripts/DoNothing.cs
  artifactKey: Guid(8c28057e7e41f354db55a04f9342ea2a) Importer(815301076,1909f56bfc062723c751e8b465ee728b)
Start importing Assets/Scripts/DoNothing.cs using Guid(8c28057e7e41f354db55a04f9342ea2a) Importer(815301076,1909f56bfc062723c751e8b465ee728b)  -> (artifact id: '44cd7b2fde8a8c3e79732fc17bd3a098') in 0.011444 seconds 
========================================================================
Received Import Request.
  Time since last request: 1.984218 seconds.
  path: Assets/Scripts/CaptainController.cs
  artifactKey: Guid(d4b501c1d3bd1154fa0b0324410888cf) Importer(815301076,1909f56bfc062723c751e8b465ee728b)
Start importing Assets/Scripts/CaptainController.cs using Guid(d4b501c1d3bd1154fa0b0324410888cf) Importer(815301076,1909f56bfc062723c751e8b465ee728b)  -> (artifact id: 'b0afc2546bfc8c03d328853efb53f6a8') in 0.010866 seconds 
========================================================================
Received Prepare
Registering precompiled user dll's ...
Registered in 0.013326 seconds.
Begin MonoManager ReloadAssembly
Native extension for WindowsStandalone target not found
Refreshing native plugins compatible for Editor in 0.28 ms, found 0 plugins.
Preloading 0 native plugins for Editor in 0.00 ms.
Mono: successfully reloaded assembly
- Completed reload, in  1.345 seconds
Platform modules already initialized, skipping
Refreshing native plugins compatible for Editor in 0.29 ms, found 0 plugins.
Preloading 0 native plugins for Editor in 0.00 ms.
Unloading 1249 Unused Serialized files (Serialized files now loaded: 0)
System memory in use before: 63.4 MB.
System memory in use after: 63.5 MB.

Unloading 9 unused Assets to reduce memory usage. Loaded Objects now: 1712.
Total: 2.240400 ms (FindLiveObjects: 0.143700 ms CreateObjectMapping: 0.045300 ms MarkObjects: 2.000500 ms  DeleteObjects: 0.049700 ms)

========================================================================
Received Import Request.
  Time since last request: 232.338827 seconds.
  path: Assets/Resources/Backgrounds
  artifactKey: Guid(2412d015ba0806a40ae1a6d6f6274096) Importer(815301076,1909f56bfc062723c751e8b465ee728b)
Start importing Assets/Resources/Backgrounds using Guid(2412d015ba0806a40ae1a6d6f6274096) Importer(815301076,1909f56bfc062723c751e8b465ee728b)  -> (artifact id: '14ecc69b81360c0a1c3c4d644058504a') in 0.073056 seconds 
AssetImportWorkerClient::OnTransportError - code=2 error=End of file
