Using pre-set license
Built from '2021.1/release' branch; Version is '2021.1.0f1 (61a549675243) revision 6399305'; Using compiler version '192528614'; Build Type 'Release'
OS: 'Windows 10 Home China; OS build 18363.1440; Version 1909; 64bit' Language: 'zh' Physical Memory: 16225 MB
BatchMode: 1, IsHumanControllingUs: 0, StartBugReporterOnCrash: 0, Is64bit: 1, IsPro: 0

 COMMAND LINE ARGUMENTS:
C:\Program Files\Unity\Hub\Editor\2021.1.0f1\Editor\Unity.exe
-adb2
-batchMode
-noUpm
-name
AssetImportWorker0
-projectPath
C:/Users/Kathy Liu/Documents/GitHub/exercise-1-command-pattern-KathyLiu20/Captain
-logFile
Logs/AssetImportWorker0.log
-srvPort
59375
Successfully changed project path to: C:/Users/Kathy Liu/Documents/GitHub/exercise-1-command-pattern-KathyLiu20/Captain
C:/Users/Kathy Liu/Documents/GitHub/exercise-1-command-pattern-KathyLiu20/Captain
Using Asset Import Pipeline V2.
Refreshing native plugins compatible for Editor in 113.47 ms, found 0 plugins.
Preloading 0 native plugins for Editor in 0.00 ms.
Initialize engine version: 2021.1.0f1 (61a549675243)
[Subsystems] Discovering subsystems at path C:/Program Files/Unity/Hub/Editor/2021.1.0f1/Editor/Data/Resources/UnitySubsystems
[Subsystems] Discovering subsystems at path C:/Users/Kathy Liu/Documents/GitHub/exercise-1-command-pattern-KathyLiu20/Captain/Assets
GfxDevice: creating device client; threaded=0; jobified=0
Direct3D:
    Version:  Direct3D 11.0 [level 11.1]
    Renderer: Intel(R) UHD Graphics 620 (ID=0x5917)
    Vendor:   Intel
    VRAM:     8112 MB
    Driver:   27.20.100.8681
Initialize mono
Mono path[0] = 'C:/Program Files/Unity/Hub/Editor/2021.1.0f1/Editor/Data/Managed'
Mono path[1] = 'C:/Program Files/Unity/Hub/Editor/2021.1.0f1/Editor/Data/MonoBleedingEdge/lib/mono/unityjit'
Mono config path = 'C:/Program Files/Unity/Hub/Editor/2021.1.0f1/Editor/Data/MonoBleedingEdge/etc'
Using monoOptions --debugger-agent=transport=dt_socket,embedding=1,server=y,suspend=n,address=127.0.0.1:56524
Begin MonoManager ReloadAssembly
Registering precompiled unity dll's ...
Register platform support module: C:/Program Files/Unity/Hub/Editor/2021.1.0f1/Editor/Data/PlaybackEngines/WindowsStandaloneSupport/UnityEditor.WindowsStandalone.Extensions.dll
Registered in 0.009107 seconds.
Native extension for WindowsStandalone target not found
Refreshing native plugins compatible for Editor in 48.83 ms, found 0 plugins.
Preloading 0 native plugins for Editor in 0.00 ms.
Mono: successfully reloaded assembly
- Completed reload, in  7.061 seconds
Platform modules already initialized, skipping
Registering precompiled user dll's ...
Registered in 0.014300 seconds.
Begin MonoManager ReloadAssembly
Native extension for WindowsStandalone target not found
Refreshing native plugins compatible for Editor in 0.30 ms, found 0 plugins.
Preloading 0 native plugins for Editor in 0.00 ms.
Mono: successfully reloaded assembly
- Completed reload, in  1.675 seconds
Platform modules already initialized, skipping
========================================================================
Worker process is ready to serve import requests
Launched and connected shader compiler UnityShaderCompiler.exe after 0.14 seconds
Refreshing native plugins compatible for Editor in 0.34 ms, found 0 plugins.
Preloading 0 native plugins for Editor in 0.00 ms.
Unloading 1254 Unused Serialized files (Serialized files now loaded: 0)
System memory in use before: 63.4 MB.
System memory in use after: 63.5 MB.

Unloading 18 unused Assets to reduce memory usage. Loaded Objects now: 1709.
Total: 3.152300 ms (FindLiveObjects: 0.145400 ms CreateObjectMapping: 0.055400 ms MarkObjects: 2.812900 ms  DeleteObjects: 0.136900 ms)

========================================================================
Received Import Request.
  path: Assets/Scenes/Gameplay.unity
  artifactKey: Guid(aafa92460bd5a5e4fa8343fc94dc407c) Importer(815301076,1909f56bfc062723c751e8b465ee728b)
Start importing Assets/Scenes/Gameplay.unity using Guid(aafa92460bd5a5e4fa8343fc94dc407c) Importer(815301076,1909f56bfc062723c751e8b465ee728b)  -> (artifact id: 'db674e1cb4fe48ded35e45ebc0283ce3') in 0.019226 seconds 
========================================================================
Received Import Request.
  Time since last request: 17859.158051 seconds.
  path: Assets/Resources/Items
  artifactKey: Guid(dfd22de767c11c04db06b7cd651f049b) Importer(815301076,1909f56bfc062723c751e8b465ee728b)
Start importing Assets/Resources/Items using Guid(dfd22de767c11c04db06b7cd651f049b) Importer(815301076,1909f56bfc062723c751e8b465ee728b)  -> (artifact id: 'e1c4c6c0029b86217ee1c7b707465225') in 0.060309 seconds 
========================================================================
Received Import Request.
  Time since last request: 9.639699 seconds.
  path: Assets/Resources/Backgrounds/Desert
  artifactKey: Guid(ba02d8dec0f84b0429f9d956f0df32cf) Importer(815301076,1909f56bfc062723c751e8b465ee728b)
Start importing Assets/Resources/Backgrounds/Desert using Guid(ba02d8dec0f84b0429f9d956f0df32cf) Importer(815301076,1909f56bfc062723c751e8b465ee728b)  -> (artifact id: '0487932da749ef63949f5a481d108b7c') in 0.033436 seconds 
========================================================================
Received Import Request.
  Time since last request: 0.049179 seconds.
  path: Assets/Resources/Backgrounds/Desert/fantasy-1920-x-1080_000.png
  artifactKey: Guid(221ab70d7aa5a6a4cb3035afb35a1c93) Importer(815301076,1909f56bfc062723c751e8b465ee728b)
Start importing Assets/Resources/Backgrounds/Desert/fantasy-1920-x-1080_000.png using Guid(221ab70d7aa5a6a4cb3035afb35a1c93) Importer(815301076,1909f56bfc062723c751e8b465ee728b)  -> (artifact id: '42254cf837ca578801faafe84f110f5c') in 0.840301 seconds 
========================================================================
Received Import Request.
  Time since last request: 0.000413 seconds.
  path: Assets/Resources/Backgrounds/Desert/fantasy-1920-x-1080_full.png
  artifactKey: Guid(b1bdd6a583be05c4e9bcbf9f69b9860c) Importer(815301076,1909f56bfc062723c751e8b465ee728b)
Start importing Assets/Resources/Backgrounds/Desert/fantasy-1920-x-1080_full.png using Guid(b1bdd6a583be05c4e9bcbf9f69b9860c) Importer(815301076,1909f56bfc062723c751e8b465ee728b)  -> (artifact id: '9923d96a3565c645a9c9fd91210926e8') in 0.064209 seconds 
========================================================================
Received Import Request.
  Time since last request: 0.000446 seconds.
  path: Assets/Resources/Backgrounds/Desert/fantasy-1920-x-1080_004.png
  artifactKey: Guid(a0fe3429eeda8504794f91755ef8078e) Importer(815301076,1909f56bfc062723c751e8b465ee728b)
Start importing Assets/Resources/Backgrounds/Desert/fantasy-1920-x-1080_004.png using Guid(a0fe3429eeda8504794f91755ef8078e) Importer(815301076,1909f56bfc062723c751e8b465ee728b)  -> (artifact id: '19eee4add405346b76672eeb778cc452') in 0.077057 seconds 
========================================================================
Received Import Request.
  Time since last request: 0.000467 seconds.
  path: Assets/Resources/Backgrounds/Desert/fantasy-1920-x-1080_005.png
  artifactKey: Guid(7d7d232f998f89548a0b1c7e09f7a71e) Importer(815301076,1909f56bfc062723c751e8b465ee728b)
Start importing Assets/Resources/Backgrounds/Desert/fantasy-1920-x-1080_005.png using Guid(7d7d232f998f89548a0b1c7e09f7a71e) Importer(815301076,1909f56bfc062723c751e8b465ee728b)  -> (artifact id: '9610fc2dc0a8518eb9ef7db63eaa07c3') in 0.083412 seconds 
========================================================================
Received Import Request.
  Time since last request: 0.000436 seconds.
  path: Assets/Resources/Backgrounds/Desert/fantasy-1920-x-1080_002.png
  artifactKey: Guid(1a6bdc25fc66eef4cbfc85969bf40789) Importer(815301076,1909f56bfc062723c751e8b465ee728b)
Start importing Assets/Resources/Backgrounds/Desert/fantasy-1920-x-1080_002.png using Guid(1a6bdc25fc66eef4cbfc85969bf40789) Importer(815301076,1909f56bfc062723c751e8b465ee728b)  -> (artifact id: '3d9bca5098ecfa5ec805daf7490ffdaf') in 0.063352 seconds 
========================================================================
Received Import Request.
  Time since last request: 0.000564 seconds.
  path: Assets/Resources/Backgrounds/Desert/fantasy-1920-x-1080_006.png
  artifactKey: Guid(456c6523ba461844fb2b2bfbe96624f2) Importer(815301076,1909f56bfc062723c751e8b465ee728b)
Start importing Assets/Resources/Backgrounds/Desert/fantasy-1920-x-1080_006.png using Guid(456c6523ba461844fb2b2bfbe96624f2) Importer(815301076,1909f56bfc062723c751e8b465ee728b)  -> (artifact id: 'cf862044fbc442aa5fdb060564eecf65') in 0.079103 seconds 
========================================================================
Received Import Request.
  Time since last request: 0.000561 seconds.
  path: Assets/Resources/Backgrounds/Desert/fantasy-1920-x-1080_001.png
  artifactKey: Guid(1763dda69c2c8d04894d83f65a389e2b) Importer(815301076,1909f56bfc062723c751e8b465ee728b)
Start importing Assets/Resources/Backgrounds/Desert/fantasy-1920-x-1080_001.png using Guid(1763dda69c2c8d04894d83f65a389e2b) Importer(815301076,1909f56bfc062723c751e8b465ee728b)  -> (artifact id: '74995e22349bb8d14db51941b8adda11') in 0.073999 seconds 
========================================================================
Received Import Request.
  Time since last request: 0.000476 seconds.
  path: Assets/Resources/Backgrounds/Desert/fantasy-1920-x-1080_003.png
  artifactKey: Guid(c8868ed1343aec241ab7bc63ebccdbc5) Importer(815301076,1909f56bfc062723c751e8b465ee728b)
Start importing Assets/Resources/Backgrounds/Desert/fantasy-1920-x-1080_003.png using Guid(c8868ed1343aec241ab7bc63ebccdbc5) Importer(815301076,1909f56bfc062723c751e8b465ee728b)  -> (artifact id: 'fa99754989ee40a2dbb3032edd5dda47') in 0.077318 seconds 
========================================================================
Received Import Request.
  Time since last request: 119.924853 seconds.
  path: Assets/Scripts/Parallax.cs
  artifactKey: Guid(57ed85220d93eaa45b14a0ab5ebee4ad) Importer(815301076,1909f56bfc062723c751e8b465ee728b)
Start importing Assets/Scripts/Parallax.cs using Guid(57ed85220d93eaa45b14a0ab5ebee4ad) Importer(815301076,1909f56bfc062723c751e8b465ee728b)  -> (artifact id: '1d4f4a96dbfeb284a7d89ea12e58ebc8') in 0.064002 seconds 
========================================================================
Received Import Request.
  Time since last request: 133846.912793 seconds.
  path: Assets/Resources/Backgrounds/Graveyard/fantasy-1920-x-1080_000.png
  artifactKey: Guid(4c63c522fe97b16499236c067faba98b) Importer(815301076,1909f56bfc062723c751e8b465ee728b)
Start importing Assets/Resources/Backgrounds/Graveyard/fantasy-1920-x-1080_000.png using Guid(4c63c522fe97b16499236c067faba98b) Importer(815301076,1909f56bfc062723c751e8b465ee728b)  -> (artifact id: 'c3d0cf6c53f5ea87ffa29ef107db40b7') in 0.467061 seconds 
========================================================================
Received Import Request.
  Time since last request: 0.001188 seconds.
  path: Assets/Resources/Backgrounds/Graveyard/fantasy-1920-x-1080_003.png
  artifactKey: Guid(6bcf352749356f34789f0a14b54c3b69) Importer(815301076,1909f56bfc062723c751e8b465ee728b)
Start importing Assets/Resources/Backgrounds/Graveyard/fantasy-1920-x-1080_003.png using Guid(6bcf352749356f34789f0a14b54c3b69) Importer(815301076,1909f56bfc062723c751e8b465ee728b)  -> (artifact id: '2c35d52d797c1230c06a7c3a9da65592') in 0.083999 seconds 
========================================================================
Received Import Request.
  Time since last request: 0.000450 seconds.
  path: Assets/Resources/Backgrounds/Graveyard/fantasy-1920-x-1080_004.png
  artifactKey: Guid(3fb462fe366bb5c498be8a9c015fbf1b) Importer(815301076,1909f56bfc062723c751e8b465ee728b)
Start importing Assets/Resources/Backgrounds/Graveyard/fantasy-1920-x-1080_004.png using Guid(3fb462fe366bb5c498be8a9c015fbf1b) Importer(815301076,1909f56bfc062723c751e8b465ee728b)  -> (artifact id: 'a84e77e8733440623969b5d0136394f7') in 0.069655 seconds 
========================================================================
Received Import Request.
  Time since last request: 0.000438 seconds.
  path: Assets/Resources/Backgrounds/Graveyard/fantasy-1920-x-1080_007.png
  artifactKey: Guid(a6c2e26611479b34e99f16936d63cebe) Importer(815301076,1909f56bfc062723c751e8b465ee728b)
Start importing Assets/Resources/Backgrounds/Graveyard/fantasy-1920-x-1080_007.png using Guid(a6c2e26611479b34e99f16936d63cebe) Importer(815301076,1909f56bfc062723c751e8b465ee728b)  -> (artifact id: '66b8284ae3da8b6e8473c86f5d12f69b') in 0.068878 seconds 
========================================================================
Received Import Request.
  Time since last request: 0.000424 seconds.
  path: Assets/Resources/Backgrounds/Graveyard/fantasy-1920-x-1080_001.png
  artifactKey: Guid(306b0e802be69d14eb5c39bb7d2242c6) Importer(815301076,1909f56bfc062723c751e8b465ee728b)
Start importing Assets/Resources/Backgrounds/Graveyard/fantasy-1920-x-1080_001.png using Guid(306b0e802be69d14eb5c39bb7d2242c6) Importer(815301076,1909f56bfc062723c751e8b465ee728b)  -> (artifact id: 'de77a0b4b0328186946e956eca4bd292') in 0.071512 seconds 
========================================================================
Received Import Request.
  Time since last request: 0.000944 seconds.
  path: Assets/Resources/Backgrounds/Graveyard/fantasy-1920-x-1080_006.png
  artifactKey: Guid(c07fcb1ab030b1740a12b4fdbf1d44d1) Importer(815301076,1909f56bfc062723c751e8b465ee728b)
Start importing Assets/Resources/Backgrounds/Graveyard/fantasy-1920-x-1080_006.png using Guid(c07fcb1ab030b1740a12b4fdbf1d44d1) Importer(815301076,1909f56bfc062723c751e8b465ee728b)  -> (artifact id: '1b93816dbc42cf998b60d3c7efa87341') in 0.054003 seconds 
========================================================================
Received Import Request.
  Time since last request: 0.000495 seconds.
  path: Assets/Resources/Backgrounds/Graveyard/fantasy-1920-x-1080_005.png
  artifactKey: Guid(8f919b935fb9d5a459a459ff9fe32247) Importer(815301076,1909f56bfc062723c751e8b465ee728b)
Start importing Assets/Resources/Backgrounds/Graveyard/fantasy-1920-x-1080_005.png using Guid(8f919b935fb9d5a459a459ff9fe32247) Importer(815301076,1909f56bfc062723c751e8b465ee728b)  -> (artifact id: '71df1a9b2b25e2b6e7ef2eead91d9dd6') in 0.054823 seconds 
========================================================================
Received Import Request.
  Time since last request: 0.000597 seconds.
  path: Assets/Resources/Backgrounds/Graveyard/fantasy-1920-x-1080_008.png
  artifactKey: Guid(d165200895580c4459b25f669e02e75e) Importer(815301076,1909f56bfc062723c751e8b465ee728b)
Start importing Assets/Resources/Backgrounds/Graveyard/fantasy-1920-x-1080_008.png using Guid(d165200895580c4459b25f669e02e75e) Importer(815301076,1909f56bfc062723c751e8b465ee728b)  -> (artifact id: '4ebf3be4e77916f11f40eaad1017d587') in 0.069796 seconds 
========================================================================
Received Import Request.
  Time since last request: 0.000487 seconds.
  path: Assets/Resources/Backgrounds/Graveyard/fantasy-1920-x-1080_full.png
  artifactKey: Guid(8da79490dca229549b275d96c79926c8) Importer(815301076,1909f56bfc062723c751e8b465ee728b)
Start importing Assets/Resources/Backgrounds/Graveyard/fantasy-1920-x-1080_full.png using Guid(8da79490dca229549b275d96c79926c8) Importer(815301076,1909f56bfc062723c751e8b465ee728b)  -> (artifact id: 'b364d1e874843428acbda4da9c05d631') in 0.088483 seconds 
========================================================================
Received Import Request.
  Time since last request: 0.000480 seconds.
  path: Assets/Resources/Backgrounds/Graveyard/fantasy-1920-x-1080_002.png
  artifactKey: Guid(0c32de6b0741ba346b3564737121308e) Importer(815301076,1909f56bfc062723c751e8b465ee728b)
Start importing Assets/Resources/Backgrounds/Graveyard/fantasy-1920-x-1080_002.png using Guid(0c32de6b0741ba346b3564737121308e) Importer(815301076,1909f56bfc062723c751e8b465ee728b)  -> (artifact id: '723f48424a2501d7ea1072fefc83dc63') in 0.059015 seconds 
